<?xml version="1.0" encoding="UTF-8"?>
<testng-results ignored="0" total="12" passed="0" failed="0" skipped="12">
  <reporter-output>
  </reporter-output>
  <suite started-at="2019-08-28T06:44:31Z" name="Default suite" finished-at="2019-08-28T06:45:03Z" duration-ms="32010">
    <groups>
    </groups>
    <test started-at="2019-08-28T06:44:31Z" name="Default test" finished-at="2019-08-28T06:45:03Z" duration-ms="32010">
      <class name="cse434.selenium3.test.chromedriver.Test_NG">
        <test-method is-config="true" signature="loadDriver()[pri:0, instance:cse434.selenium3.test.chromedriver.Test_NG@38e79ae3]" started-at="2019-08-28T12:44:31Z" name="loadDriver" finished-at="2019-08-28T12:45:03Z" duration-ms="31870" status="FAIL">
          <exception class="org.openqa.selenium.TimeoutException">
            <message>
              <![CDATA[timeout  (Session info: chrome=76.0.3809.100)Build info: version: '3.141.59', revision: 'e82be7d358', time: '2018-11-14T08:25:48'System info: host: 'Monirs-MacBook-Pro.local', ip: 'fe80:0:0:0:8a6:1eb0:d2f5:2446%en0', os.name: 'Mac OS X', os.arch: 'x86_64', os.version: '10.14.5', java.version: '9.0.1'Driver info: org.openqa.selenium.chrome.ChromeDriverCapabilities {acceptInsecureCerts: false, browserName: chrome, browserVersion: 76.0.3809.100, chrome: {chromedriverVersion: 75.0.3770.140 (2d9f97485c7b..., userDataDir: /var/folders/4m/k83f74rn32s...}, goog:chromeOptions: {debuggerAddress: localhost:58996}, javascriptEnabled: true, networkConnectionEnabled: false, pageLoadStrategy: normal, platform: MAC, platformName: MAC, proxy: Proxy(), setWindowRect: true, strictFileInteractability: false, timeouts: {implicit: 0, pageLoad: 300000, script: 30000}, unhandledPromptBehavior: dismiss and notify}Session ID: bf76e5bd90cbdd856b2b00b18cebd372]]>
            </message>
            <full-stacktrace>
              <![CDATA[org.openqa.selenium.TimeoutException: timeout  (Session info: chrome=76.0.3809.100)Build info: version: '3.141.59', revision: 'e82be7d358', time: '2018-11-14T08:25:48'System info: host: 'Monirs-MacBook-Pro.local', ip: 'fe80:0:0:0:8a6:1eb0:d2f5:2446%en0', os.name: 'Mac OS X', os.arch: 'x86_64', os.version: '10.14.5', java.version: '9.0.1'Driver info: org.openqa.selenium.chrome.ChromeDriverCapabilities {acceptInsecureCerts: false, browserName: chrome, browserVersion: 76.0.3809.100, chrome: {chromedriverVersion: 75.0.3770.140 (2d9f97485c7b..., userDataDir: /var/folders/4m/k83f74rn32s...}, goog:chromeOptions: {debuggerAddress: localhost:58996}, javascriptEnabled: true, networkConnectionEnabled: false, pageLoadStrategy: normal, platform: MAC, platformName: MAC, proxy: Proxy(), setWindowRect: true, strictFileInteractability: false, timeouts: {implicit: 0, pageLoad: 300000, script: 30000}, unhandledPromptBehavior: dismiss and notify}Session ID: bf76e5bd90cbdd856b2b00b18cebd372at java.base/jdk.internal.reflect.NativeConstructorAccessorImpl.newInstance0(Native Method)at java.base/jdk.internal.reflect.NativeConstructorAccessorImpl.newInstance(NativeConstructorAccessorImpl.java:62)at java.base/jdk.internal.reflect.DelegatingConstructorAccessorImpl.newInstance(DelegatingConstructorAccessorImpl.java:45)at java.base/java.lang.reflect.Constructor.newInstance(Constructor.java:488)at org.openqa.selenium.remote.http.W3CHttpResponseCodec.createException(W3CHttpResponseCodec.java:187)at org.openqa.selenium.remote.http.W3CHttpResponseCodec.decode(W3CHttpResponseCodec.java:122)at org.openqa.selenium.remote.http.W3CHttpResponseCodec.decode(W3CHttpResponseCodec.java:49)at org.openqa.selenium.remote.HttpCommandExecutor.execute(HttpCommandExecutor.java:158)at org.openqa.selenium.remote.service.DriverCommandExecutor.execute(DriverCommandExecutor.java:83)at org.openqa.selenium.remote.RemoteWebDriver.execute(RemoteWebDriver.java:552)at org.openqa.selenium.remote.RemoteWebDriver.get(RemoteWebDriver.java:277)at cse434.selenium3.test.chromedriver.Test_NG.loadDriver(Test_NG.java:35)at java.base/jdk.internal.reflect.NativeMethodAccessorImpl.invoke0(Native Method)at java.base/jdk.internal.reflect.NativeMethodAccessorImpl.invoke(NativeMethodAccessorImpl.java:62)at java.base/jdk.internal.reflect.DelegatingMethodAccessorImpl.invoke(DelegatingMethodAccessorImpl.java:43)at java.base/java.lang.reflect.Method.invoke(Method.java:564)at org.testng.internal.MethodInvocationHelper.invokeMethod(MethodInvocationHelper.java:124)at org.testng.internal.MethodInvocationHelper.invokeMethodConsideringTimeout(MethodInvocationHelper.java:59)at org.testng.internal.Invoker.invokeConfigurationMethod(Invoker.java:451)at org.testng.internal.Invoker.invokeConfigurations(Invoker.java:222)at org.testng.internal.Invoker.invokeConfigurations(Invoker.java:142)at org.testng.TestRunner.beforeRun(TestRunner.java:529)at org.testng.TestRunner.run(TestRunner.java:497)at org.testng.SuiteRunner.runTest(SuiteRunner.java:455)at org.testng.SuiteRunner.runSequentially(SuiteRunner.java:450)at org.testng.SuiteRunner.privateRun(SuiteRunner.java:415)at org.testng.SuiteRunner.run(SuiteRunner.java:364)at org.testng.SuiteRunnerWorker.runSuite(SuiteRunnerWorker.java:52)at org.testng.SuiteRunnerWorker.run(SuiteRunnerWorker.java:84)at org.testng.TestNG.runSuitesSequentially(TestNG.java:1187)at org.testng.TestNG.runSuitesLocally(TestNG.java:1116)at org.testng.TestNG.runSuites(TestNG.java:1028)at org.testng.TestNG.run(TestNG.java:996)at org.testng.remote.AbstractRemoteTestNG.run(AbstractRemoteTestNG.java:114)at org.testng.remote.RemoteTestNG.initAndRun(RemoteTestNG.java:251)at org.testng.remote.RemoteTestNG.main(RemoteTestNG.java:77)]]>
            </full-stacktrace>
          </exception> <!-- org.openqa.selenium.TimeoutException -->
          <reporter-output>
          </reporter-output>
        </test-method> <!-- loadDriver -->
        <test-method is-config="true" signature="beforeMethod()[pri:0, instance:cse434.selenium3.test.chromedriver.Test_NG@38e79ae3]" started-at="2019-08-28T12:45:03Z" name="beforeMethod" finished-at="2019-08-28T12:45:03Z" duration-ms="0" status="SKIP">
          <reporter-output>
          </reporter-output>
        </test-method> <!-- beforeMethod -->
        <test-method signature="blankField()[pri:1, instance:cse434.selenium3.test.chromedriver.Test_NG@38e79ae3]" started-at="2019-08-28T12:45:03Z" name="blankField" finished-at="2019-08-28T12:45:03Z" duration-ms="0" status="SKIP">
          <exception class="org.openqa.selenium.TimeoutException">
            <message>
              <![CDATA[timeout  (Session info: chrome=76.0.3809.100)Build info: version: '3.141.59', revision: 'e82be7d358', time: '2018-11-14T08:25:48'System info: host: 'Monirs-MacBook-Pro.local', ip: 'fe80:0:0:0:8a6:1eb0:d2f5:2446%en0', os.name: 'Mac OS X', os.arch: 'x86_64', os.version: '10.14.5', java.version: '9.0.1'Driver info: org.openqa.selenium.chrome.ChromeDriverCapabilities {acceptInsecureCerts: false, browserName: chrome, browserVersion: 76.0.3809.100, chrome: {chromedriverVersion: 75.0.3770.140 (2d9f97485c7b..., userDataDir: /var/folders/4m/k83f74rn32s...}, goog:chromeOptions: {debuggerAddress: localhost:58996}, javascriptEnabled: true, networkConnectionEnabled: false, pageLoadStrategy: normal, platform: MAC, platformName: MAC, proxy: Proxy(), setWindowRect: true, strictFileInteractability: false, timeouts: {implicit: 0, pageLoad: 300000, script: 30000}, unhandledPromptBehavior: dismiss and notify}Session ID: bf76e5bd90cbdd856b2b00b18cebd372]]>
            </message>
            <full-stacktrace>
              <![CDATA[org.openqa.selenium.TimeoutException: timeout  (Session info: chrome=76.0.3809.100)Build info: version: '3.141.59', revision: 'e82be7d358', time: '2018-11-14T08:25:48'System info: host: 'Monirs-MacBook-Pro.local', ip: 'fe80:0:0:0:8a6:1eb0:d2f5:2446%en0', os.name: 'Mac OS X', os.arch: 'x86_64', os.version: '10.14.5', java.version: '9.0.1'Driver info: org.openqa.selenium.chrome.ChromeDriverCapabilities {acceptInsecureCerts: false, browserName: chrome, browserVersion: 76.0.3809.100, chrome: {chromedriverVersion: 75.0.3770.140 (2d9f97485c7b..., userDataDir: /var/folders/4m/k83f74rn32s...}, goog:chromeOptions: {debuggerAddress: localhost:58996}, javascriptEnabled: true, networkConnectionEnabled: false, pageLoadStrategy: normal, platform: MAC, platformName: MAC, proxy: Proxy(), setWindowRect: true, strictFileInteractability: false, timeouts: {implicit: 0, pageLoad: 300000, script: 30000}, unhandledPromptBehavior: dismiss and notify}Session ID: bf76e5bd90cbdd856b2b00b18cebd372at java.base/jdk.internal.reflect.NativeConstructorAccessorImpl.newInstance0(Native Method)at java.base/jdk.internal.reflect.NativeConstructorAccessorImpl.newInstance(NativeConstructorAccessorImpl.java:62)at java.base/jdk.internal.reflect.DelegatingConstructorAccessorImpl.newInstance(DelegatingConstructorAccessorImpl.java:45)at java.base/java.lang.reflect.Constructor.newInstance(Constructor.java:488)at org.openqa.selenium.remote.http.W3CHttpResponseCodec.createException(W3CHttpResponseCodec.java:187)at org.openqa.selenium.remote.http.W3CHttpResponseCodec.decode(W3CHttpResponseCodec.java:122)at org.openqa.selenium.remote.http.W3CHttpResponseCodec.decode(W3CHttpResponseCodec.java:49)at org.openqa.selenium.remote.HttpCommandExecutor.execute(HttpCommandExecutor.java:158)at org.openqa.selenium.remote.service.DriverCommandExecutor.execute(DriverCommandExecutor.java:83)at org.openqa.selenium.remote.RemoteWebDriver.execute(RemoteWebDriver.java:552)at org.openqa.selenium.remote.RemoteWebDriver.get(RemoteWebDriver.java:277)at cse434.selenium3.test.chromedriver.Test_NG.loadDriver(Test_NG.java:35)at java.base/jdk.internal.reflect.NativeMethodAccessorImpl.invoke0(Native Method)at java.base/jdk.internal.reflect.NativeMethodAccessorImpl.invoke(NativeMethodAccessorImpl.java:62)at java.base/jdk.internal.reflect.DelegatingMethodAccessorImpl.invoke(DelegatingMethodAccessorImpl.java:43)at java.base/java.lang.reflect.Method.invoke(Method.java:564)at org.testng.internal.MethodInvocationHelper.invokeMethod(MethodInvocationHelper.java:124)at org.testng.internal.MethodInvocationHelper.invokeMethodConsideringTimeout(MethodInvocationHelper.java:59)at org.testng.internal.Invoker.invokeConfigurationMethod(Invoker.java:451)at org.testng.internal.Invoker.invokeConfigurations(Invoker.java:222)at org.testng.internal.Invoker.invokeConfigurations(Invoker.java:142)at org.testng.TestRunner.beforeRun(TestRunner.java:529)at org.testng.TestRunner.run(TestRunner.java:497)at org.testng.SuiteRunner.runTest(SuiteRunner.java:455)at org.testng.SuiteRunner.runSequentially(SuiteRunner.java:450)at org.testng.SuiteRunner.privateRun(SuiteRunner.java:415)at org.testng.SuiteRunner.run(SuiteRunner.java:364)at org.testng.SuiteRunnerWorker.runSuite(SuiteRunnerWorker.java:52)at org.testng.SuiteRunnerWorker.run(SuiteRunnerWorker.java:84)at org.testng.TestNG.runSuitesSequentially(TestNG.java:1187)at org.testng.TestNG.runSuitesLocally(TestNG.java:1116)at org.testng.TestNG.runSuites(TestNG.java:1028)at org.testng.TestNG.run(TestNG.java:996)at org.testng.remote.AbstractRemoteTestNG.run(AbstractRemoteTestNG.java:114)at org.testng.remote.RemoteTestNG.initAndRun(RemoteTestNG.java:251)at org.testng.remote.RemoteTestNG.main(RemoteTestNG.java:77)]]>
            </full-stacktrace>
          </exception> <!-- org.openqa.selenium.TimeoutException -->
          <reporter-output>
          </reporter-output>
        </test-method> <!-- blankField -->
        <test-method is-config="true" signature="afterMethod()[pri:0, instance:cse434.selenium3.test.chromedriver.Test_NG@38e79ae3]" started-at="2019-08-28T12:45:03Z" name="afterMethod" finished-at="2019-08-28T12:45:03Z" duration-ms="0" status="SKIP">
          <reporter-output>
          </reporter-output>
        </test-method> <!-- afterMethod -->
        <test-method is-config="true" signature="beforeMethod()[pri:0, instance:cse434.selenium3.test.chromedriver.Test_NG@38e79ae3]" started-at="2019-08-28T12:45:03Z" name="beforeMethod" finished-at="2019-08-28T12:45:03Z" duration-ms="0" status="SKIP">
          <reporter-output>
          </reporter-output>
        </test-method> <!-- beforeMethod -->
        <test-method signature="invalidField()[pri:2, instance:cse434.selenium3.test.chromedriver.Test_NG@38e79ae3]" started-at="2019-08-28T12:45:03Z" name="invalidField" finished-at="2019-08-28T12:45:03Z" duration-ms="0" status="SKIP">
          <exception class="org.openqa.selenium.TimeoutException">
            <message>
              <![CDATA[timeout  (Session info: chrome=76.0.3809.100)Build info: version: '3.141.59', revision: 'e82be7d358', time: '2018-11-14T08:25:48'System info: host: 'Monirs-MacBook-Pro.local', ip: 'fe80:0:0:0:8a6:1eb0:d2f5:2446%en0', os.name: 'Mac OS X', os.arch: 'x86_64', os.version: '10.14.5', java.version: '9.0.1'Driver info: org.openqa.selenium.chrome.ChromeDriverCapabilities {acceptInsecureCerts: false, browserName: chrome, browserVersion: 76.0.3809.100, chrome: {chromedriverVersion: 75.0.3770.140 (2d9f97485c7b..., userDataDir: /var/folders/4m/k83f74rn32s...}, goog:chromeOptions: {debuggerAddress: localhost:58996}, javascriptEnabled: true, networkConnectionEnabled: false, pageLoadStrategy: normal, platform: MAC, platformName: MAC, proxy: Proxy(), setWindowRect: true, strictFileInteractability: false, timeouts: {implicit: 0, pageLoad: 300000, script: 30000}, unhandledPromptBehavior: dismiss and notify}Session ID: bf76e5bd90cbdd856b2b00b18cebd372]]>
            </message>
            <full-stacktrace>
              <![CDATA[org.openqa.selenium.TimeoutException: timeout  (Session info: chrome=76.0.3809.100)Build info: version: '3.141.59', revision: 'e82be7d358', time: '2018-11-14T08:25:48'System info: host: 'Monirs-MacBook-Pro.local', ip: 'fe80:0:0:0:8a6:1eb0:d2f5:2446%en0', os.name: 'Mac OS X', os.arch: 'x86_64', os.version: '10.14.5', java.version: '9.0.1'Driver info: org.openqa.selenium.chrome.ChromeDriverCapabilities {acceptInsecureCerts: false, browserName: chrome, browserVersion: 76.0.3809.100, chrome: {chromedriverVersion: 75.0.3770.140 (2d9f97485c7b..., userDataDir: /var/folders/4m/k83f74rn32s...}, goog:chromeOptions: {debuggerAddress: localhost:58996}, javascriptEnabled: true, networkConnectionEnabled: false, pageLoadStrategy: normal, platform: MAC, platformName: MAC, proxy: Proxy(), setWindowRect: true, strictFileInteractability: false, timeouts: {implicit: 0, pageLoad: 300000, script: 30000}, unhandledPromptBehavior: dismiss and notify}Session ID: bf76e5bd90cbdd856b2b00b18cebd372at java.base/jdk.internal.reflect.NativeConstructorAccessorImpl.newInstance0(Native Method)at java.base/jdk.internal.reflect.NativeConstructorAccessorImpl.newInstance(NativeConstructorAccessorImpl.java:62)at java.base/jdk.internal.reflect.DelegatingConstructorAccessorImpl.newInstance(DelegatingConstructorAccessorImpl.java:45)at java.base/java.lang.reflect.Constructor.newInstance(Constructor.java:488)at org.openqa.selenium.remote.http.W3CHttpResponseCodec.createException(W3CHttpResponseCodec.java:187)at org.openqa.selenium.remote.http.W3CHttpResponseCodec.decode(W3CHttpResponseCodec.java:122)at org.openqa.selenium.remote.http.W3CHttpResponseCodec.decode(W3CHttpResponseCodec.java:49)at org.openqa.selenium.remote.HttpCommandExecutor.execute(HttpCommandExecutor.java:158)at org.openqa.selenium.remote.service.DriverCommandExecutor.execute(DriverCommandExecutor.java:83)at org.openqa.selenium.remote.RemoteWebDriver.execute(RemoteWebDriver.java:552)at org.openqa.selenium.remote.RemoteWebDriver.get(RemoteWebDriver.java:277)at cse434.selenium3.test.chromedriver.Test_NG.loadDriver(Test_NG.java:35)at java.base/jdk.internal.reflect.NativeMethodAccessorImpl.invoke0(Native Method)at java.base/jdk.internal.reflect.NativeMethodAccessorImpl.invoke(NativeMethodAccessorImpl.java:62)at java.base/jdk.internal.reflect.DelegatingMethodAccessorImpl.invoke(DelegatingMethodAccessorImpl.java:43)at java.base/java.lang.reflect.Method.invoke(Method.java:564)at org.testng.internal.MethodInvocationHelper.invokeMethod(MethodInvocationHelper.java:124)at org.testng.internal.MethodInvocationHelper.invokeMethodConsideringTimeout(MethodInvocationHelper.java:59)at org.testng.internal.Invoker.invokeConfigurationMethod(Invoker.java:451)at org.testng.internal.Invoker.invokeConfigurations(Invoker.java:222)at org.testng.internal.Invoker.invokeConfigurations(Invoker.java:142)at org.testng.TestRunner.beforeRun(TestRunner.java:529)at org.testng.TestRunner.run(TestRunner.java:497)at org.testng.SuiteRunner.runTest(SuiteRunner.java:455)at org.testng.SuiteRunner.runSequentially(SuiteRunner.java:450)at org.testng.SuiteRunner.privateRun(SuiteRunner.java:415)at org.testng.SuiteRunner.run(SuiteRunner.java:364)at org.testng.SuiteRunnerWorker.runSuite(SuiteRunnerWorker.java:52)at org.testng.SuiteRunnerWorker.run(SuiteRunnerWorker.java:84)at org.testng.TestNG.runSuitesSequentially(TestNG.java:1187)at org.testng.TestNG.runSuitesLocally(TestNG.java:1116)at org.testng.TestNG.runSuites(TestNG.java:1028)at org.testng.TestNG.run(TestNG.java:996)at org.testng.remote.AbstractRemoteTestNG.run(AbstractRemoteTestNG.java:114)at org.testng.remote.RemoteTestNG.initAndRun(RemoteTestNG.java:251)at org.testng.remote.RemoteTestNG.main(RemoteTestNG.java:77)]]>
            </full-stacktrace>
          </exception> <!-- org.openqa.selenium.TimeoutException -->
          <reporter-output>
          </reporter-output>
        </test-method> <!-- invalidField -->
        <test-method is-config="true" signature="afterMethod()[pri:0, instance:cse434.selenium3.test.chromedriver.Test_NG@38e79ae3]" started-at="2019-08-28T12:45:03Z" name="afterMethod" finished-at="2019-08-28T12:45:03Z" duration-ms="0" status="SKIP">
          <reporter-output>
          </reporter-output>
        </test-method> <!-- afterMethod -->
        <test-method is-config="true" signature="beforeMethod()[pri:0, instance:cse434.selenium3.test.chromedriver.Test_NG@38e79ae3]" started-at="2019-08-28T12:45:03Z" name="beforeMethod" finished-at="2019-08-28T12:45:03Z" duration-ms="0" status="SKIP">
          <reporter-output>
          </reporter-output>
        </test-method> <!-- beforeMethod -->
        <test-method signature="passwordCheck()[pri:3, instance:cse434.selenium3.test.chromedriver.Test_NG@38e79ae3]" started-at="2019-08-28T12:45:03Z" name="passwordCheck" finished-at="2019-08-28T12:45:03Z" duration-ms="0" status="SKIP">
          <exception class="org.openqa.selenium.TimeoutException">
            <message>
              <![CDATA[timeout  (Session info: chrome=76.0.3809.100)Build info: version: '3.141.59', revision: 'e82be7d358', time: '2018-11-14T08:25:48'System info: host: 'Monirs-MacBook-Pro.local', ip: 'fe80:0:0:0:8a6:1eb0:d2f5:2446%en0', os.name: 'Mac OS X', os.arch: 'x86_64', os.version: '10.14.5', java.version: '9.0.1'Driver info: org.openqa.selenium.chrome.ChromeDriverCapabilities {acceptInsecureCerts: false, browserName: chrome, browserVersion: 76.0.3809.100, chrome: {chromedriverVersion: 75.0.3770.140 (2d9f97485c7b..., userDataDir: /var/folders/4m/k83f74rn32s...}, goog:chromeOptions: {debuggerAddress: localhost:58996}, javascriptEnabled: true, networkConnectionEnabled: false, pageLoadStrategy: normal, platform: MAC, platformName: MAC, proxy: Proxy(), setWindowRect: true, strictFileInteractability: false, timeouts: {implicit: 0, pageLoad: 300000, script: 30000}, unhandledPromptBehavior: dismiss and notify}Session ID: bf76e5bd90cbdd856b2b00b18cebd372]]>
            </message>
            <full-stacktrace>
              <![CDATA[org.openqa.selenium.TimeoutException: timeout  (Session info: chrome=76.0.3809.100)Build info: version: '3.141.59', revision: 'e82be7d358', time: '2018-11-14T08:25:48'System info: host: 'Monirs-MacBook-Pro.local', ip: 'fe80:0:0:0:8a6:1eb0:d2f5:2446%en0', os.name: 'Mac OS X', os.arch: 'x86_64', os.version: '10.14.5', java.version: '9.0.1'Driver info: org.openqa.selenium.chrome.ChromeDriverCapabilities {acceptInsecureCerts: false, browserName: chrome, browserVersion: 76.0.3809.100, chrome: {chromedriverVersion: 75.0.3770.140 (2d9f97485c7b..., userDataDir: /var/folders/4m/k83f74rn32s...}, goog:chromeOptions: {debuggerAddress: localhost:58996}, javascriptEnabled: true, networkConnectionEnabled: false, pageLoadStrategy: normal, platform: MAC, platformName: MAC, proxy: Proxy(), setWindowRect: true, strictFileInteractability: false, timeouts: {implicit: 0, pageLoad: 300000, script: 30000}, unhandledPromptBehavior: dismiss and notify}Session ID: bf76e5bd90cbdd856b2b00b18cebd372at java.base/jdk.internal.reflect.NativeConstructorAccessorImpl.newInstance0(Native Method)at java.base/jdk.internal.reflect.NativeConstructorAccessorImpl.newInstance(NativeConstructorAccessorImpl.java:62)at java.base/jdk.internal.reflect.DelegatingConstructorAccessorImpl.newInstance(DelegatingConstructorAccessorImpl.java:45)at java.base/java.lang.reflect.Constructor.newInstance(Constructor.java:488)at org.openqa.selenium.remote.http.W3CHttpResponseCodec.createException(W3CHttpResponseCodec.java:187)at org.openqa.selenium.remote.http.W3CHttpResponseCodec.decode(W3CHttpResponseCodec.java:122)at org.openqa.selenium.remote.http.W3CHttpResponseCodec.decode(W3CHttpResponseCodec.java:49)at org.openqa.selenium.remote.HttpCommandExecutor.execute(HttpCommandExecutor.java:158)at org.openqa.selenium.remote.service.DriverCommandExecutor.execute(DriverCommandExecutor.java:83)at org.openqa.selenium.remote.RemoteWebDriver.execute(RemoteWebDriver.java:552)at org.openqa.selenium.remote.RemoteWebDriver.get(RemoteWebDriver.java:277)at cse434.selenium3.test.chromedriver.Test_NG.loadDriver(Test_NG.java:35)at java.base/jdk.internal.reflect.NativeMethodAccessorImpl.invoke0(Native Method)at java.base/jdk.internal.reflect.NativeMethodAccessorImpl.invoke(NativeMethodAccessorImpl.java:62)at java.base/jdk.internal.reflect.DelegatingMethodAccessorImpl.invoke(DelegatingMethodAccessorImpl.java:43)at java.base/java.lang.reflect.Method.invoke(Method.java:564)at org.testng.internal.MethodInvocationHelper.invokeMethod(MethodInvocationHelper.java:124)at org.testng.internal.MethodInvocationHelper.invokeMethodConsideringTimeout(MethodInvocationHelper.java:59)at org.testng.internal.Invoker.invokeConfigurationMethod(Invoker.java:451)at org.testng.internal.Invoker.invokeConfigurations(Invoker.java:222)at org.testng.internal.Invoker.invokeConfigurations(Invoker.java:142)at org.testng.TestRunner.beforeRun(TestRunner.java:529)at org.testng.TestRunner.run(TestRunner.java:497)at org.testng.SuiteRunner.runTest(SuiteRunner.java:455)at org.testng.SuiteRunner.runSequentially(SuiteRunner.java:450)at org.testng.SuiteRunner.privateRun(SuiteRunner.java:415)at org.testng.SuiteRunner.run(SuiteRunner.java:364)at org.testng.SuiteRunnerWorker.runSuite(SuiteRunnerWorker.java:52)at org.testng.SuiteRunnerWorker.run(SuiteRunnerWorker.java:84)at org.testng.TestNG.runSuitesSequentially(TestNG.java:1187)at org.testng.TestNG.runSuitesLocally(TestNG.java:1116)at org.testng.TestNG.runSuites(TestNG.java:1028)at org.testng.TestNG.run(TestNG.java:996)at org.testng.remote.AbstractRemoteTestNG.run(AbstractRemoteTestNG.java:114)at org.testng.remote.RemoteTestNG.initAndRun(RemoteTestNG.java:251)at org.testng.remote.RemoteTestNG.main(RemoteTestNG.java:77)]]>
            </full-stacktrace>
          </exception> <!-- org.openqa.selenium.TimeoutException -->
          <reporter-output>
          </reporter-output>
        </test-method> <!-- passwordCheck -->
        <test-method is-config="true" signature="afterMethod()[pri:0, instance:cse434.selenium3.test.chromedriver.Test_NG@38e79ae3]" started-at="2019-08-28T12:45:03Z" name="afterMethod" finished-at="2019-08-28T12:45:03Z" duration-ms="0" status="SKIP">
          <reporter-output>
          </reporter-output>
        </test-method> <!-- afterMethod -->
        <test-method is-config="true" signature="beforeMethod()[pri:0, instance:cse434.selenium3.test.chromedriver.Test_NG@38e79ae3]" started-at="2019-08-28T12:45:03Z" name="beforeMethod" finished-at="2019-08-28T12:45:03Z" duration-ms="0" status="SKIP">
          <reporter-output>
          </reporter-output>
        </test-method> <!-- beforeMethod -->
        <test-method signature="signUp()[pri:4, instance:cse434.selenium3.test.chromedriver.Test_NG@38e79ae3]" started-at="2019-08-28T12:45:03Z" name="signUp" finished-at="2019-08-28T12:45:03Z" duration-ms="0" status="SKIP">
          <exception class="org.openqa.selenium.TimeoutException">
            <message>
              <![CDATA[timeout  (Session info: chrome=76.0.3809.100)Build info: version: '3.141.59', revision: 'e82be7d358', time: '2018-11-14T08:25:48'System info: host: 'Monirs-MacBook-Pro.local', ip: 'fe80:0:0:0:8a6:1eb0:d2f5:2446%en0', os.name: 'Mac OS X', os.arch: 'x86_64', os.version: '10.14.5', java.version: '9.0.1'Driver info: org.openqa.selenium.chrome.ChromeDriverCapabilities {acceptInsecureCerts: false, browserName: chrome, browserVersion: 76.0.3809.100, chrome: {chromedriverVersion: 75.0.3770.140 (2d9f97485c7b..., userDataDir: /var/folders/4m/k83f74rn32s...}, goog:chromeOptions: {debuggerAddress: localhost:58996}, javascriptEnabled: true, networkConnectionEnabled: false, pageLoadStrategy: normal, platform: MAC, platformName: MAC, proxy: Proxy(), setWindowRect: true, strictFileInteractability: false, timeouts: {implicit: 0, pageLoad: 300000, script: 30000}, unhandledPromptBehavior: dismiss and notify}Session ID: bf76e5bd90cbdd856b2b00b18cebd372]]>
            </message>
            <full-stacktrace>
              <![CDATA[org.openqa.selenium.TimeoutException: timeout  (Session info: chrome=76.0.3809.100)Build info: version: '3.141.59', revision: 'e82be7d358', time: '2018-11-14T08:25:48'System info: host: 'Monirs-MacBook-Pro.local', ip: 'fe80:0:0:0:8a6:1eb0:d2f5:2446%en0', os.name: 'Mac OS X', os.arch: 'x86_64', os.version: '10.14.5', java.version: '9.0.1'Driver info: org.openqa.selenium.chrome.ChromeDriverCapabilities {acceptInsecureCerts: false, browserName: chrome, browserVersion: 76.0.3809.100, chrome: {chromedriverVersion: 75.0.3770.140 (2d9f97485c7b..., userDataDir: /var/folders/4m/k83f74rn32s...}, goog:chromeOptions: {debuggerAddress: localhost:58996}, javascriptEnabled: true, networkConnectionEnabled: false, pageLoadStrategy: normal, platform: MAC, platformName: MAC, proxy: Proxy(), setWindowRect: true, strictFileInteractability: false, timeouts: {implicit: 0, pageLoad: 300000, script: 30000}, unhandledPromptBehavior: dismiss and notify}Session ID: bf76e5bd90cbdd856b2b00b18cebd372at java.base/jdk.internal.reflect.NativeConstructorAccessorImpl.newInstance0(Native Method)at java.base/jdk.internal.reflect.NativeConstructorAccessorImpl.newInstance(NativeConstructorAccessorImpl.java:62)at java.base/jdk.internal.reflect.DelegatingConstructorAccessorImpl.newInstance(DelegatingConstructorAccessorImpl.java:45)at java.base/java.lang.reflect.Constructor.newInstance(Constructor.java:488)at org.openqa.selenium.remote.http.W3CHttpResponseCodec.createException(W3CHttpResponseCodec.java:187)at org.openqa.selenium.remote.http.W3CHttpResponseCodec.decode(W3CHttpResponseCodec.java:122)at org.openqa.selenium.remote.http.W3CHttpResponseCodec.decode(W3CHttpResponseCodec.java:49)at org.openqa.selenium.remote.HttpCommandExecutor.execute(HttpCommandExecutor.java:158)at org.openqa.selenium.remote.service.DriverCommandExecutor.execute(DriverCommandExecutor.java:83)at org.openqa.selenium.remote.RemoteWebDriver.execute(RemoteWebDriver.java:552)at org.openqa.selenium.remote.RemoteWebDriver.get(RemoteWebDriver.java:277)at cse434.selenium3.test.chromedriver.Test_NG.loadDriver(Test_NG.java:35)at java.base/jdk.internal.reflect.NativeMethodAccessorImpl.invoke0(Native Method)at java.base/jdk.internal.reflect.NativeMethodAccessorImpl.invoke(NativeMethodAccessorImpl.java:62)at java.base/jdk.internal.reflect.DelegatingMethodAccessorImpl.invoke(DelegatingMethodAccessorImpl.java:43)at java.base/java.lang.reflect.Method.invoke(Method.java:564)at org.testng.internal.MethodInvocationHelper.invokeMethod(MethodInvocationHelper.java:124)at org.testng.internal.MethodInvocationHelper.invokeMethodConsideringTimeout(MethodInvocationHelper.java:59)at org.testng.internal.Invoker.invokeConfigurationMethod(Invoker.java:451)at org.testng.internal.Invoker.invokeConfigurations(Invoker.java:222)at org.testng.internal.Invoker.invokeConfigurations(Invoker.java:142)at org.testng.TestRunner.beforeRun(TestRunner.java:529)at org.testng.TestRunner.run(TestRunner.java:497)at org.testng.SuiteRunner.runTest(SuiteRunner.java:455)at org.testng.SuiteRunner.runSequentially(SuiteRunner.java:450)at org.testng.SuiteRunner.privateRun(SuiteRunner.java:415)at org.testng.SuiteRunner.run(SuiteRunner.java:364)at org.testng.SuiteRunnerWorker.runSuite(SuiteRunnerWorker.java:52)at org.testng.SuiteRunnerWorker.run(SuiteRunnerWorker.java:84)at org.testng.TestNG.runSuitesSequentially(TestNG.java:1187)at org.testng.TestNG.runSuitesLocally(TestNG.java:1116)at org.testng.TestNG.runSuites(TestNG.java:1028)at org.testng.TestNG.run(TestNG.java:996)at org.testng.remote.AbstractRemoteTestNG.run(AbstractRemoteTestNG.java:114)at org.testng.remote.RemoteTestNG.initAndRun(RemoteTestNG.java:251)at org.testng.remote.RemoteTestNG.main(RemoteTestNG.java:77)]]>
            </full-stacktrace>
          </exception> <!-- org.openqa.selenium.TimeoutException -->
          <reporter-output>
          </reporter-output>
        </test-method> <!-- signUp -->
        <test-method is-config="true" signature="afterMethod()[pri:0, instance:cse434.selenium3.test.chromedriver.Test_NG@38e79ae3]" started-at="2019-08-28T12:45:03Z" name="afterMethod" finished-at="2019-08-28T12:45:03Z" duration-ms="0" status="SKIP">
          <reporter-output>
          </reporter-output>
        </test-method> <!-- afterMethod -->
        <test-method signature="signupLogout()[pri:5, instance:cse434.selenium3.test.chromedriver.Test_NG@38e79ae3]" started-at="2019-08-28T12:45:03Z" name="signupLogout" finished-at="2019-08-28T12:45:03Z" depends-on-methods="cse434.selenium3.test.chromedriver.Test_NG.signUp" duration-ms="0" status="SKIP">
          <exception class="java.lang.Throwable">
            <message>
              <![CDATA[Method Test_NG.signupLogout()[pri:5, instance:cse434.selenium3.test.chromedriver.Test_NG@38e79ae3] depends on not successfully finished methods]]>
            </message>
            <full-stacktrace>
              <![CDATA[java.lang.Throwable: Method Test_NG.signupLogout()[pri:5, instance:cse434.selenium3.test.chromedriver.Test_NG@38e79ae3] depends on not successfully finished methodsat org.testng.internal.Invoker.invokeTestMethods(Invoker.java:878)at org.testng.internal.TestMethodWorker.invokeTestMethods(TestMethodWorker.java:125)at org.testng.internal.TestMethodWorker.run(TestMethodWorker.java:109)at org.testng.TestRunner.privateRun(TestRunner.java:648)at org.testng.TestRunner.run(TestRunner.java:505)at org.testng.SuiteRunner.runTest(SuiteRunner.java:455)at org.testng.SuiteRunner.runSequentially(SuiteRunner.java:450)at org.testng.SuiteRunner.privateRun(SuiteRunner.java:415)at org.testng.SuiteRunner.run(SuiteRunner.java:364)at org.testng.SuiteRunnerWorker.runSuite(SuiteRunnerWorker.java:52)at org.testng.SuiteRunnerWorker.run(SuiteRunnerWorker.java:84)at org.testng.TestNG.runSuitesSequentially(TestNG.java:1187)at org.testng.TestNG.runSuitesLocally(TestNG.java:1116)at org.testng.TestNG.runSuites(TestNG.java:1028)at org.testng.TestNG.run(TestNG.java:996)at org.testng.remote.AbstractRemoteTestNG.run(AbstractRemoteTestNG.java:114)at org.testng.remote.RemoteTestNG.initAndRun(RemoteTestNG.java:251)at org.testng.remote.RemoteTestNG.main(RemoteTestNG.java:77)]]>
            </full-stacktrace>
          </exception> <!-- java.lang.Throwable -->
          <reporter-output>
          </reporter-output>
        </test-method> <!-- signupLogout -->
        <test-method is-config="true" signature="beforeMethod()[pri:0, instance:cse434.selenium3.test.chromedriver.Test_NG@38e79ae3]" started-at="2019-08-28T12:45:03Z" name="beforeMethod" finished-at="2019-08-28T12:45:03Z" duration-ms="0" status="SKIP">
          <reporter-output>
          </reporter-output>
        </test-method> <!-- beforeMethod -->
        <test-method signature="failedlogin()[pri:6, instance:cse434.selenium3.test.chromedriver.Test_NG@38e79ae3]" started-at="2019-08-28T12:45:03Z" name="failedlogin" finished-at="2019-08-28T12:45:03Z" duration-ms="0" status="SKIP">
          <exception class="org.openqa.selenium.TimeoutException">
            <message>
              <![CDATA[timeout  (Session info: chrome=76.0.3809.100)Build info: version: '3.141.59', revision: 'e82be7d358', time: '2018-11-14T08:25:48'System info: host: 'Monirs-MacBook-Pro.local', ip: 'fe80:0:0:0:8a6:1eb0:d2f5:2446%en0', os.name: 'Mac OS X', os.arch: 'x86_64', os.version: '10.14.5', java.version: '9.0.1'Driver info: org.openqa.selenium.chrome.ChromeDriverCapabilities {acceptInsecureCerts: false, browserName: chrome, browserVersion: 76.0.3809.100, chrome: {chromedriverVersion: 75.0.3770.140 (2d9f97485c7b..., userDataDir: /var/folders/4m/k83f74rn32s...}, goog:chromeOptions: {debuggerAddress: localhost:58996}, javascriptEnabled: true, networkConnectionEnabled: false, pageLoadStrategy: normal, platform: MAC, platformName: MAC, proxy: Proxy(), setWindowRect: true, strictFileInteractability: false, timeouts: {implicit: 0, pageLoad: 300000, script: 30000}, unhandledPromptBehavior: dismiss and notify}Session ID: bf76e5bd90cbdd856b2b00b18cebd372]]>
            </message>
            <full-stacktrace>
              <![CDATA[org.openqa.selenium.TimeoutException: timeout  (Session info: chrome=76.0.3809.100)Build info: version: '3.141.59', revision: 'e82be7d358', time: '2018-11-14T08:25:48'System info: host: 'Monirs-MacBook-Pro.local', ip: 'fe80:0:0:0:8a6:1eb0:d2f5:2446%en0', os.name: 'Mac OS X', os.arch: 'x86_64', os.version: '10.14.5', java.version: '9.0.1'Driver info: org.openqa.selenium.chrome.ChromeDriverCapabilities {acceptInsecureCerts: false, browserName: chrome, browserVersion: 76.0.3809.100, chrome: {chromedriverVersion: 75.0.3770.140 (2d9f97485c7b..., userDataDir: /var/folders/4m/k83f74rn32s...}, goog:chromeOptions: {debuggerAddress: localhost:58996}, javascriptEnabled: true, networkConnectionEnabled: false, pageLoadStrategy: normal, platform: MAC, platformName: MAC, proxy: Proxy(), setWindowRect: true, strictFileInteractability: false, timeouts: {implicit: 0, pageLoad: 300000, script: 30000}, unhandledPromptBehavior: dismiss and notify}Session ID: bf76e5bd90cbdd856b2b00b18cebd372at java.base/jdk.internal.reflect.NativeConstructorAccessorImpl.newInstance0(Native Method)at java.base/jdk.internal.reflect.NativeConstructorAccessorImpl.newInstance(NativeConstructorAccessorImpl.java:62)at java.base/jdk.internal.reflect.DelegatingConstructorAccessorImpl.newInstance(DelegatingConstructorAccessorImpl.java:45)at java.base/java.lang.reflect.Constructor.newInstance(Constructor.java:488)at org.openqa.selenium.remote.http.W3CHttpResponseCodec.createException(W3CHttpResponseCodec.java:187)at org.openqa.selenium.remote.http.W3CHttpResponseCodec.decode(W3CHttpResponseCodec.java:122)at org.openqa.selenium.remote.http.W3CHttpResponseCodec.decode(W3CHttpResponseCodec.java:49)at org.openqa.selenium.remote.HttpCommandExecutor.execute(HttpCommandExecutor.java:158)at org.openqa.selenium.remote.service.DriverCommandExecutor.execute(DriverCommandExecutor.java:83)at org.openqa.selenium.remote.RemoteWebDriver.execute(RemoteWebDriver.java:552)at org.openqa.selenium.remote.RemoteWebDriver.get(RemoteWebDriver.java:277)at cse434.selenium3.test.chromedriver.Test_NG.loadDriver(Test_NG.java:35)at java.base/jdk.internal.reflect.NativeMethodAccessorImpl.invoke0(Native Method)at java.base/jdk.internal.reflect.NativeMethodAccessorImpl.invoke(NativeMethodAccessorImpl.java:62)at java.base/jdk.internal.reflect.DelegatingMethodAccessorImpl.invoke(DelegatingMethodAccessorImpl.java:43)at java.base/java.lang.reflect.Method.invoke(Method.java:564)at org.testng.internal.MethodInvocationHelper.invokeMethod(MethodInvocationHelper.java:124)at org.testng.internal.MethodInvocationHelper.invokeMethodConsideringTimeout(MethodInvocationHelper.java:59)at org.testng.internal.Invoker.invokeConfigurationMethod(Invoker.java:451)at org.testng.internal.Invoker.invokeConfigurations(Invoker.java:222)at org.testng.internal.Invoker.invokeConfigurations(Invoker.java:142)at org.testng.TestRunner.beforeRun(TestRunner.java:529)at org.testng.TestRunner.run(TestRunner.java:497)at org.testng.SuiteRunner.runTest(SuiteRunner.java:455)at org.testng.SuiteRunner.runSequentially(SuiteRunner.java:450)at org.testng.SuiteRunner.privateRun(SuiteRunner.java:415)at org.testng.SuiteRunner.run(SuiteRunner.java:364)at org.testng.SuiteRunnerWorker.runSuite(SuiteRunnerWorker.java:52)at org.testng.SuiteRunnerWorker.run(SuiteRunnerWorker.java:84)at org.testng.TestNG.runSuitesSequentially(TestNG.java:1187)at org.testng.TestNG.runSuitesLocally(TestNG.java:1116)at org.testng.TestNG.runSuites(TestNG.java:1028)at org.testng.TestNG.run(TestNG.java:996)at org.testng.remote.AbstractRemoteTestNG.run(AbstractRemoteTestNG.java:114)at org.testng.remote.RemoteTestNG.initAndRun(RemoteTestNG.java:251)at org.testng.remote.RemoteTestNG.main(RemoteTestNG.java:77)]]>
            </full-stacktrace>
          </exception> <!-- org.openqa.selenium.TimeoutException -->
          <reporter-output>
          </reporter-output>
        </test-method> <!-- failedlogin -->
        <test-method is-config="true" signature="afterMethod()[pri:0, instance:cse434.selenium3.test.chromedriver.Test_NG@38e79ae3]" started-at="2019-08-28T12:45:03Z" name="afterMethod" finished-at="2019-08-28T12:45:03Z" duration-ms="0" status="SKIP">
          <reporter-output>
          </reporter-output>
        </test-method> <!-- afterMethod -->
        <test-method is-config="true" signature="beforeMethod()[pri:0, instance:cse434.selenium3.test.chromedriver.Test_NG@38e79ae3]" started-at="2019-08-28T12:45:03Z" name="beforeMethod" finished-at="2019-08-28T12:45:03Z" duration-ms="0" status="SKIP">
          <reporter-output>
          </reporter-output>
        </test-method> <!-- beforeMethod -->
        <test-method signature="logIn()[pri:7, instance:cse434.selenium3.test.chromedriver.Test_NG@38e79ae3]" started-at="2019-08-28T12:45:03Z" name="logIn" finished-at="2019-08-28T12:45:03Z" duration-ms="0" status="SKIP">
          <exception class="org.openqa.selenium.TimeoutException">
            <message>
              <![CDATA[timeout  (Session info: chrome=76.0.3809.100)Build info: version: '3.141.59', revision: 'e82be7d358', time: '2018-11-14T08:25:48'System info: host: 'Monirs-MacBook-Pro.local', ip: 'fe80:0:0:0:8a6:1eb0:d2f5:2446%en0', os.name: 'Mac OS X', os.arch: 'x86_64', os.version: '10.14.5', java.version: '9.0.1'Driver info: org.openqa.selenium.chrome.ChromeDriverCapabilities {acceptInsecureCerts: false, browserName: chrome, browserVersion: 76.0.3809.100, chrome: {chromedriverVersion: 75.0.3770.140 (2d9f97485c7b..., userDataDir: /var/folders/4m/k83f74rn32s...}, goog:chromeOptions: {debuggerAddress: localhost:58996}, javascriptEnabled: true, networkConnectionEnabled: false, pageLoadStrategy: normal, platform: MAC, platformName: MAC, proxy: Proxy(), setWindowRect: true, strictFileInteractability: false, timeouts: {implicit: 0, pageLoad: 300000, script: 30000}, unhandledPromptBehavior: dismiss and notify}Session ID: bf76e5bd90cbdd856b2b00b18cebd372]]>
            </message>
            <full-stacktrace>
              <![CDATA[org.openqa.selenium.TimeoutException: timeout  (Session info: chrome=76.0.3809.100)Build info: version: '3.141.59', revision: 'e82be7d358', time: '2018-11-14T08:25:48'System info: host: 'Monirs-MacBook-Pro.local', ip: 'fe80:0:0:0:8a6:1eb0:d2f5:2446%en0', os.name: 'Mac OS X', os.arch: 'x86_64', os.version: '10.14.5', java.version: '9.0.1'Driver info: org.openqa.selenium.chrome.ChromeDriverCapabilities {acceptInsecureCerts: false, browserName: chrome, browserVersion: 76.0.3809.100, chrome: {chromedriverVersion: 75.0.3770.140 (2d9f97485c7b..., userDataDir: /var/folders/4m/k83f74rn32s...}, goog:chromeOptions: {debuggerAddress: localhost:58996}, javascriptEnabled: true, networkConnectionEnabled: false, pageLoadStrategy: normal, platform: MAC, platformName: MAC, proxy: Proxy(), setWindowRect: true, strictFileInteractability: false, timeouts: {implicit: 0, pageLoad: 300000, script: 30000}, unhandledPromptBehavior: dismiss and notify}Session ID: bf76e5bd90cbdd856b2b00b18cebd372at java.base/jdk.internal.reflect.NativeConstructorAccessorImpl.newInstance0(Native Method)at java.base/jdk.internal.reflect.NativeConstructorAccessorImpl.newInstance(NativeConstructorAccessorImpl.java:62)at java.base/jdk.internal.reflect.DelegatingConstructorAccessorImpl.newInstance(DelegatingConstructorAccessorImpl.java:45)at java.base/java.lang.reflect.Constructor.newInstance(Constructor.java:488)at org.openqa.selenium.remote.http.W3CHttpResponseCodec.createException(W3CHttpResponseCodec.java:187)at org.openqa.selenium.remote.http.W3CHttpResponseCodec.decode(W3CHttpResponseCodec.java:122)at org.openqa.selenium.remote.http.W3CHttpResponseCodec.decode(W3CHttpResponseCodec.java:49)at org.openqa.selenium.remote.HttpCommandExecutor.execute(HttpCommandExecutor.java:158)at org.openqa.selenium.remote.service.DriverCommandExecutor.execute(DriverCommandExecutor.java:83)at org.openqa.selenium.remote.RemoteWebDriver.execute(RemoteWebDriver.java:552)at org.openqa.selenium.remote.RemoteWebDriver.get(RemoteWebDriver.java:277)at cse434.selenium3.test.chromedriver.Test_NG.loadDriver(Test_NG.java:35)at java.base/jdk.internal.reflect.NativeMethodAccessorImpl.invoke0(Native Method)at java.base/jdk.internal.reflect.NativeMethodAccessorImpl.invoke(NativeMethodAccessorImpl.java:62)at java.base/jdk.internal.reflect.DelegatingMethodAccessorImpl.invoke(DelegatingMethodAccessorImpl.java:43)at java.base/java.lang.reflect.Method.invoke(Method.java:564)at org.testng.internal.MethodInvocationHelper.invokeMethod(MethodInvocationHelper.java:124)at org.testng.internal.MethodInvocationHelper.invokeMethodConsideringTimeout(MethodInvocationHelper.java:59)at org.testng.internal.Invoker.invokeConfigurationMethod(Invoker.java:451)at org.testng.internal.Invoker.invokeConfigurations(Invoker.java:222)at org.testng.internal.Invoker.invokeConfigurations(Invoker.java:142)at org.testng.TestRunner.beforeRun(TestRunner.java:529)at org.testng.TestRunner.run(TestRunner.java:497)at org.testng.SuiteRunner.runTest(SuiteRunner.java:455)at org.testng.SuiteRunner.runSequentially(SuiteRunner.java:450)at org.testng.SuiteRunner.privateRun(SuiteRunner.java:415)at org.testng.SuiteRunner.run(SuiteRunner.java:364)at org.testng.SuiteRunnerWorker.runSuite(SuiteRunnerWorker.java:52)at org.testng.SuiteRunnerWorker.run(SuiteRunnerWorker.java:84)at org.testng.TestNG.runSuitesSequentially(TestNG.java:1187)at org.testng.TestNG.runSuitesLocally(TestNG.java:1116)at org.testng.TestNG.runSuites(TestNG.java:1028)at org.testng.TestNG.run(TestNG.java:996)at org.testng.remote.AbstractRemoteTestNG.run(AbstractRemoteTestNG.java:114)at org.testng.remote.RemoteTestNG.initAndRun(RemoteTestNG.java:251)at org.testng.remote.RemoteTestNG.main(RemoteTestNG.java:77)]]>
            </full-stacktrace>
          </exception> <!-- org.openqa.selenium.TimeoutException -->
          <reporter-output>
          </reporter-output>
        </test-method> <!-- logIn -->
        <test-method is-config="true" signature="afterMethod()[pri:0, instance:cse434.selenium3.test.chromedriver.Test_NG@38e79ae3]" started-at="2019-08-28T12:45:03Z" name="afterMethod" finished-at="2019-08-28T12:45:03Z" duration-ms="0" status="SKIP">
          <reporter-output>
          </reporter-output>
        </test-method> <!-- afterMethod -->
        <test-method signature="signinLogout()[pri:8, instance:cse434.selenium3.test.chromedriver.Test_NG@38e79ae3]" started-at="2019-08-28T12:45:03Z" name="signinLogout" finished-at="2019-08-28T12:45:03Z" depends-on-methods="cse434.selenium3.test.chromedriver.Test_NG.logIn" duration-ms="1" status="SKIP">
          <exception class="java.lang.Throwable">
            <message>
              <![CDATA[Method Test_NG.signinLogout()[pri:8, instance:cse434.selenium3.test.chromedriver.Test_NG@38e79ae3] depends on not successfully finished methods]]>
            </message>
            <full-stacktrace>
              <![CDATA[java.lang.Throwable: Method Test_NG.signinLogout()[pri:8, instance:cse434.selenium3.test.chromedriver.Test_NG@38e79ae3] depends on not successfully finished methodsat org.testng.internal.Invoker.invokeTestMethods(Invoker.java:878)at org.testng.internal.TestMethodWorker.invokeTestMethods(TestMethodWorker.java:125)at org.testng.internal.TestMethodWorker.run(TestMethodWorker.java:109)at org.testng.TestRunner.privateRun(TestRunner.java:648)at org.testng.TestRunner.run(TestRunner.java:505)at org.testng.SuiteRunner.runTest(SuiteRunner.java:455)at org.testng.SuiteRunner.runSequentially(SuiteRunner.java:450)at org.testng.SuiteRunner.privateRun(SuiteRunner.java:415)at org.testng.SuiteRunner.run(SuiteRunner.java:364)at org.testng.SuiteRunnerWorker.runSuite(SuiteRunnerWorker.java:52)at org.testng.SuiteRunnerWorker.run(SuiteRunnerWorker.java:84)at org.testng.TestNG.runSuitesSequentially(TestNG.java:1187)at org.testng.TestNG.runSuitesLocally(TestNG.java:1116)at org.testng.TestNG.runSuites(TestNG.java:1028)at org.testng.TestNG.run(TestNG.java:996)at org.testng.remote.AbstractRemoteTestNG.run(AbstractRemoteTestNG.java:114)at org.testng.remote.RemoteTestNG.initAndRun(RemoteTestNG.java:251)at org.testng.remote.RemoteTestNG.main(RemoteTestNG.java:77)]]>
            </full-stacktrace>
          </exception> <!-- java.lang.Throwable -->
          <reporter-output>
          </reporter-output>
        </test-method> <!-- signinLogout -->
        <test-method is-config="true" signature="beforeMethod()[pri:0, instance:cse434.selenium3.test.chromedriver.Test_NG@38e79ae3]" started-at="2019-08-28T12:45:03Z" name="beforeMethod" finished-at="2019-08-28T12:45:03Z" duration-ms="0" status="SKIP">
          <reporter-output>
          </reporter-output>
        </test-method> <!-- beforeMethod -->
        <test-method signature="bookingForTour()[pri:9, instance:cse434.selenium3.test.chromedriver.Test_NG@38e79ae3]" started-at="2019-08-28T12:45:03Z" name="bookingForTour" finished-at="2019-08-28T12:45:03Z" duration-ms="0" status="SKIP">
          <exception class="org.openqa.selenium.TimeoutException">
            <message>
              <![CDATA[timeout  (Session info: chrome=76.0.3809.100)Build info: version: '3.141.59', revision: 'e82be7d358', time: '2018-11-14T08:25:48'System info: host: 'Monirs-MacBook-Pro.local', ip: 'fe80:0:0:0:8a6:1eb0:d2f5:2446%en0', os.name: 'Mac OS X', os.arch: 'x86_64', os.version: '10.14.5', java.version: '9.0.1'Driver info: org.openqa.selenium.chrome.ChromeDriverCapabilities {acceptInsecureCerts: false, browserName: chrome, browserVersion: 76.0.3809.100, chrome: {chromedriverVersion: 75.0.3770.140 (2d9f97485c7b..., userDataDir: /var/folders/4m/k83f74rn32s...}, goog:chromeOptions: {debuggerAddress: localhost:58996}, javascriptEnabled: true, networkConnectionEnabled: false, pageLoadStrategy: normal, platform: MAC, platformName: MAC, proxy: Proxy(), setWindowRect: true, strictFileInteractability: false, timeouts: {implicit: 0, pageLoad: 300000, script: 30000}, unhandledPromptBehavior: dismiss and notify}Session ID: bf76e5bd90cbdd856b2b00b18cebd372]]>
            </message>
            <full-stacktrace>
              <![CDATA[org.openqa.selenium.TimeoutException: timeout  (Session info: chrome=76.0.3809.100)Build info: version: '3.141.59', revision: 'e82be7d358', time: '2018-11-14T08:25:48'System info: host: 'Monirs-MacBook-Pro.local', ip: 'fe80:0:0:0:8a6:1eb0:d2f5:2446%en0', os.name: 'Mac OS X', os.arch: 'x86_64', os.version: '10.14.5', java.version: '9.0.1'Driver info: org.openqa.selenium.chrome.ChromeDriverCapabilities {acceptInsecureCerts: false, browserName: chrome, browserVersion: 76.0.3809.100, chrome: {chromedriverVersion: 75.0.3770.140 (2d9f97485c7b..., userDataDir: /var/folders/4m/k83f74rn32s...}, goog:chromeOptions: {debuggerAddress: localhost:58996}, javascriptEnabled: true, networkConnectionEnabled: false, pageLoadStrategy: normal, platform: MAC, platformName: MAC, proxy: Proxy(), setWindowRect: true, strictFileInteractability: false, timeouts: {implicit: 0, pageLoad: 300000, script: 30000}, unhandledPromptBehavior: dismiss and notify}Session ID: bf76e5bd90cbdd856b2b00b18cebd372at java.base/jdk.internal.reflect.NativeConstructorAccessorImpl.newInstance0(Native Method)at java.base/jdk.internal.reflect.NativeConstructorAccessorImpl.newInstance(NativeConstructorAccessorImpl.java:62)at java.base/jdk.internal.reflect.DelegatingConstructorAccessorImpl.newInstance(DelegatingConstructorAccessorImpl.java:45)at java.base/java.lang.reflect.Constructor.newInstance(Constructor.java:488)at org.openqa.selenium.remote.http.W3CHttpResponseCodec.createException(W3CHttpResponseCodec.java:187)at org.openqa.selenium.remote.http.W3CHttpResponseCodec.decode(W3CHttpResponseCodec.java:122)at org.openqa.selenium.remote.http.W3CHttpResponseCodec.decode(W3CHttpResponseCodec.java:49)at org.openqa.selenium.remote.HttpCommandExecutor.execute(HttpCommandExecutor.java:158)at org.openqa.selenium.remote.service.DriverCommandExecutor.execute(DriverCommandExecutor.java:83)at org.openqa.selenium.remote.RemoteWebDriver.execute(RemoteWebDriver.java:552)at org.openqa.selenium.remote.RemoteWebDriver.get(RemoteWebDriver.java:277)at cse434.selenium3.test.chromedriver.Test_NG.loadDriver(Test_NG.java:35)at java.base/jdk.internal.reflect.NativeMethodAccessorImpl.invoke0(Native Method)at java.base/jdk.internal.reflect.NativeMethodAccessorImpl.invoke(NativeMethodAccessorImpl.java:62)at java.base/jdk.internal.reflect.DelegatingMethodAccessorImpl.invoke(DelegatingMethodAccessorImpl.java:43)at java.base/java.lang.reflect.Method.invoke(Method.java:564)at org.testng.internal.MethodInvocationHelper.invokeMethod(MethodInvocationHelper.java:124)at org.testng.internal.MethodInvocationHelper.invokeMethodConsideringTimeout(MethodInvocationHelper.java:59)at org.testng.internal.Invoker.invokeConfigurationMethod(Invoker.java:451)at org.testng.internal.Invoker.invokeConfigurations(Invoker.java:222)at org.testng.internal.Invoker.invokeConfigurations(Invoker.java:142)at org.testng.TestRunner.beforeRun(TestRunner.java:529)at org.testng.TestRunner.run(TestRunner.java:497)at org.testng.SuiteRunner.runTest(SuiteRunner.java:455)at org.testng.SuiteRunner.runSequentially(SuiteRunner.java:450)at org.testng.SuiteRunner.privateRun(SuiteRunner.java:415)at org.testng.SuiteRunner.run(SuiteRunner.java:364)at org.testng.SuiteRunnerWorker.runSuite(SuiteRunnerWorker.java:52)at org.testng.SuiteRunnerWorker.run(SuiteRunnerWorker.java:84)at org.testng.TestNG.runSuitesSequentially(TestNG.java:1187)at org.testng.TestNG.runSuitesLocally(TestNG.java:1116)at org.testng.TestNG.runSuites(TestNG.java:1028)at org.testng.TestNG.run(TestNG.java:996)at org.testng.remote.AbstractRemoteTestNG.run(AbstractRemoteTestNG.java:114)at org.testng.remote.RemoteTestNG.initAndRun(RemoteTestNG.java:251)at org.testng.remote.RemoteTestNG.main(RemoteTestNG.java:77)]]>
            </full-stacktrace>
          </exception> <!-- org.openqa.selenium.TimeoutException -->
          <reporter-output>
          </reporter-output>
        </test-method> <!-- bookingForTour -->
        <test-method is-config="true" signature="afterMethod()[pri:0, instance:cse434.selenium3.test.chromedriver.Test_NG@38e79ae3]" started-at="2019-08-28T12:45:03Z" name="afterMethod" finished-at="2019-08-28T12:45:03Z" duration-ms="0" status="SKIP">
          <reporter-output>
          </reporter-output>
        </test-method> <!-- afterMethod -->
        <test-method is-config="true" signature="beforeMethod()[pri:0, instance:cse434.selenium3.test.chromedriver.Test_NG@38e79ae3]" started-at="2019-08-28T12:45:03Z" name="beforeMethod" finished-at="2019-08-28T12:45:03Z" duration-ms="0" status="SKIP">
          <reporter-output>
          </reporter-output>
        </test-method> <!-- beforeMethod -->
        <test-method signature="adminLogin()[pri:10, instance:cse434.selenium3.test.chromedriver.Test_NG@38e79ae3]" started-at="2019-08-28T12:45:03Z" name="adminLogin" finished-at="2019-08-28T12:45:03Z" duration-ms="0" status="SKIP">
          <exception class="org.openqa.selenium.TimeoutException">
            <message>
              <![CDATA[timeout  (Session info: chrome=76.0.3809.100)Build info: version: '3.141.59', revision: 'e82be7d358', time: '2018-11-14T08:25:48'System info: host: 'Monirs-MacBook-Pro.local', ip: 'fe80:0:0:0:8a6:1eb0:d2f5:2446%en0', os.name: 'Mac OS X', os.arch: 'x86_64', os.version: '10.14.5', java.version: '9.0.1'Driver info: org.openqa.selenium.chrome.ChromeDriverCapabilities {acceptInsecureCerts: false, browserName: chrome, browserVersion: 76.0.3809.100, chrome: {chromedriverVersion: 75.0.3770.140 (2d9f97485c7b..., userDataDir: /var/folders/4m/k83f74rn32s...}, goog:chromeOptions: {debuggerAddress: localhost:58996}, javascriptEnabled: true, networkConnectionEnabled: false, pageLoadStrategy: normal, platform: MAC, platformName: MAC, proxy: Proxy(), setWindowRect: true, strictFileInteractability: false, timeouts: {implicit: 0, pageLoad: 300000, script: 30000}, unhandledPromptBehavior: dismiss and notify}Session ID: bf76e5bd90cbdd856b2b00b18cebd372]]>
            </message>
            <full-stacktrace>
              <![CDATA[org.openqa.selenium.TimeoutException: timeout  (Session info: chrome=76.0.3809.100)Build info: version: '3.141.59', revision: 'e82be7d358', time: '2018-11-14T08:25:48'System info: host: 'Monirs-MacBook-Pro.local', ip: 'fe80:0:0:0:8a6:1eb0:d2f5:2446%en0', os.name: 'Mac OS X', os.arch: 'x86_64', os.version: '10.14.5', java.version: '9.0.1'Driver info: org.openqa.selenium.chrome.ChromeDriverCapabilities {acceptInsecureCerts: false, browserName: chrome, browserVersion: 76.0.3809.100, chrome: {chromedriverVersion: 75.0.3770.140 (2d9f97485c7b..., userDataDir: /var/folders/4m/k83f74rn32s...}, goog:chromeOptions: {debuggerAddress: localhost:58996}, javascriptEnabled: true, networkConnectionEnabled: false, pageLoadStrategy: normal, platform: MAC, platformName: MAC, proxy: Proxy(), setWindowRect: true, strictFileInteractability: false, timeouts: {implicit: 0, pageLoad: 300000, script: 30000}, unhandledPromptBehavior: dismiss and notify}Session ID: bf76e5bd90cbdd856b2b00b18cebd372at java.base/jdk.internal.reflect.NativeConstructorAccessorImpl.newInstance0(Native Method)at java.base/jdk.internal.reflect.NativeConstructorAccessorImpl.newInstance(NativeConstructorAccessorImpl.java:62)at java.base/jdk.internal.reflect.DelegatingConstructorAccessorImpl.newInstance(DelegatingConstructorAccessorImpl.java:45)at java.base/java.lang.reflect.Constructor.newInstance(Constructor.java:488)at org.openqa.selenium.remote.http.W3CHttpResponseCodec.createException(W3CHttpResponseCodec.java:187)at org.openqa.selenium.remote.http.W3CHttpResponseCodec.decode(W3CHttpResponseCodec.java:122)at org.openqa.selenium.remote.http.W3CHttpResponseCodec.decode(W3CHttpResponseCodec.java:49)at org.openqa.selenium.remote.HttpCommandExecutor.execute(HttpCommandExecutor.java:158)at org.openqa.selenium.remote.service.DriverCommandExecutor.execute(DriverCommandExecutor.java:83)at org.openqa.selenium.remote.RemoteWebDriver.execute(RemoteWebDriver.java:552)at org.openqa.selenium.remote.RemoteWebDriver.get(RemoteWebDriver.java:277)at cse434.selenium3.test.chromedriver.Test_NG.loadDriver(Test_NG.java:35)at java.base/jdk.internal.reflect.NativeMethodAccessorImpl.invoke0(Native Method)at java.base/jdk.internal.reflect.NativeMethodAccessorImpl.invoke(NativeMethodAccessorImpl.java:62)at java.base/jdk.internal.reflect.DelegatingMethodAccessorImpl.invoke(DelegatingMethodAccessorImpl.java:43)at java.base/java.lang.reflect.Method.invoke(Method.java:564)at org.testng.internal.MethodInvocationHelper.invokeMethod(MethodInvocationHelper.java:124)at org.testng.internal.MethodInvocationHelper.invokeMethodConsideringTimeout(MethodInvocationHelper.java:59)at org.testng.internal.Invoker.invokeConfigurationMethod(Invoker.java:451)at org.testng.internal.Invoker.invokeConfigurations(Invoker.java:222)at org.testng.internal.Invoker.invokeConfigurations(Invoker.java:142)at org.testng.TestRunner.beforeRun(TestRunner.java:529)at org.testng.TestRunner.run(TestRunner.java:497)at org.testng.SuiteRunner.runTest(SuiteRunner.java:455)at org.testng.SuiteRunner.runSequentially(SuiteRunner.java:450)at org.testng.SuiteRunner.privateRun(SuiteRunner.java:415)at org.testng.SuiteRunner.run(SuiteRunner.java:364)at org.testng.SuiteRunnerWorker.runSuite(SuiteRunnerWorker.java:52)at org.testng.SuiteRunnerWorker.run(SuiteRunnerWorker.java:84)at org.testng.TestNG.runSuitesSequentially(TestNG.java:1187)at org.testng.TestNG.runSuitesLocally(TestNG.java:1116)at org.testng.TestNG.runSuites(TestNG.java:1028)at org.testng.TestNG.run(TestNG.java:996)at org.testng.remote.AbstractRemoteTestNG.run(AbstractRemoteTestNG.java:114)at org.testng.remote.RemoteTestNG.initAndRun(RemoteTestNG.java:251)at org.testng.remote.RemoteTestNG.main(RemoteTestNG.java:77)]]>
            </full-stacktrace>
          </exception> <!-- org.openqa.selenium.TimeoutException -->
          <reporter-output>
          </reporter-output>
        </test-method> <!-- adminLogin -->
        <test-method is-config="true" signature="afterMethod()[pri:0, instance:cse434.selenium3.test.chromedriver.Test_NG@38e79ae3]" started-at="2019-08-28T12:45:03Z" name="afterMethod" finished-at="2019-08-28T12:45:03Z" duration-ms="0" status="SKIP">
          <reporter-output>
          </reporter-output>
        </test-method> <!-- afterMethod -->
        <test-method is-config="true" signature="beforeMethod()[pri:0, instance:cse434.selenium3.test.chromedriver.Test_NG@38e79ae3]" started-at="2019-08-28T12:45:03Z" name="beforeMethod" finished-at="2019-08-28T12:45:03Z" duration-ms="0" status="SKIP">
          <reporter-output>
          </reporter-output>
        </test-method> <!-- beforeMethod -->
        <test-method signature="traveoffer()[pri:11, instance:cse434.selenium3.test.chromedriver.Test_NG@38e79ae3]" started-at="2019-08-28T12:45:03Z" name="traveoffer" finished-at="2019-08-28T12:45:03Z" duration-ms="0" status="SKIP">
          <exception class="org.openqa.selenium.TimeoutException">
            <message>
              <![CDATA[timeout  (Session info: chrome=76.0.3809.100)Build info: version: '3.141.59', revision: 'e82be7d358', time: '2018-11-14T08:25:48'System info: host: 'Monirs-MacBook-Pro.local', ip: 'fe80:0:0:0:8a6:1eb0:d2f5:2446%en0', os.name: 'Mac OS X', os.arch: 'x86_64', os.version: '10.14.5', java.version: '9.0.1'Driver info: org.openqa.selenium.chrome.ChromeDriverCapabilities {acceptInsecureCerts: false, browserName: chrome, browserVersion: 76.0.3809.100, chrome: {chromedriverVersion: 75.0.3770.140 (2d9f97485c7b..., userDataDir: /var/folders/4m/k83f74rn32s...}, goog:chromeOptions: {debuggerAddress: localhost:58996}, javascriptEnabled: true, networkConnectionEnabled: false, pageLoadStrategy: normal, platform: MAC, platformName: MAC, proxy: Proxy(), setWindowRect: true, strictFileInteractability: false, timeouts: {implicit: 0, pageLoad: 300000, script: 30000}, unhandledPromptBehavior: dismiss and notify}Session ID: bf76e5bd90cbdd856b2b00b18cebd372]]>
            </message>
            <full-stacktrace>
              <![CDATA[org.openqa.selenium.TimeoutException: timeout  (Session info: chrome=76.0.3809.100)Build info: version: '3.141.59', revision: 'e82be7d358', time: '2018-11-14T08:25:48'System info: host: 'Monirs-MacBook-Pro.local', ip: 'fe80:0:0:0:8a6:1eb0:d2f5:2446%en0', os.name: 'Mac OS X', os.arch: 'x86_64', os.version: '10.14.5', java.version: '9.0.1'Driver info: org.openqa.selenium.chrome.ChromeDriverCapabilities {acceptInsecureCerts: false, browserName: chrome, browserVersion: 76.0.3809.100, chrome: {chromedriverVersion: 75.0.3770.140 (2d9f97485c7b..., userDataDir: /var/folders/4m/k83f74rn32s...}, goog:chromeOptions: {debuggerAddress: localhost:58996}, javascriptEnabled: true, networkConnectionEnabled: false, pageLoadStrategy: normal, platform: MAC, platformName: MAC, proxy: Proxy(), setWindowRect: true, strictFileInteractability: false, timeouts: {implicit: 0, pageLoad: 300000, script: 30000}, unhandledPromptBehavior: dismiss and notify}Session ID: bf76e5bd90cbdd856b2b00b18cebd372at java.base/jdk.internal.reflect.NativeConstructorAccessorImpl.newInstance0(Native Method)at java.base/jdk.internal.reflect.NativeConstructorAccessorImpl.newInstance(NativeConstructorAccessorImpl.java:62)at java.base/jdk.internal.reflect.DelegatingConstructorAccessorImpl.newInstance(DelegatingConstructorAccessorImpl.java:45)at java.base/java.lang.reflect.Constructor.newInstance(Constructor.java:488)at org.openqa.selenium.remote.http.W3CHttpResponseCodec.createException(W3CHttpResponseCodec.java:187)at org.openqa.selenium.remote.http.W3CHttpResponseCodec.decode(W3CHttpResponseCodec.java:122)at org.openqa.selenium.remote.http.W3CHttpResponseCodec.decode(W3CHttpResponseCodec.java:49)at org.openqa.selenium.remote.HttpCommandExecutor.execute(HttpCommandExecutor.java:158)at org.openqa.selenium.remote.service.DriverCommandExecutor.execute(DriverCommandExecutor.java:83)at org.openqa.selenium.remote.RemoteWebDriver.execute(RemoteWebDriver.java:552)at org.openqa.selenium.remote.RemoteWebDriver.get(RemoteWebDriver.java:277)at cse434.selenium3.test.chromedriver.Test_NG.loadDriver(Test_NG.java:35)at java.base/jdk.internal.reflect.NativeMethodAccessorImpl.invoke0(Native Method)at java.base/jdk.internal.reflect.NativeMethodAccessorImpl.invoke(NativeMethodAccessorImpl.java:62)at java.base/jdk.internal.reflect.DelegatingMethodAccessorImpl.invoke(DelegatingMethodAccessorImpl.java:43)at java.base/java.lang.reflect.Method.invoke(Method.java:564)at org.testng.internal.MethodInvocationHelper.invokeMethod(MethodInvocationHelper.java:124)at org.testng.internal.MethodInvocationHelper.invokeMethodConsideringTimeout(MethodInvocationHelper.java:59)at org.testng.internal.Invoker.invokeConfigurationMethod(Invoker.java:451)at org.testng.internal.Invoker.invokeConfigurations(Invoker.java:222)at org.testng.internal.Invoker.invokeConfigurations(Invoker.java:142)at org.testng.TestRunner.beforeRun(TestRunner.java:529)at org.testng.TestRunner.run(TestRunner.java:497)at org.testng.SuiteRunner.runTest(SuiteRunner.java:455)at org.testng.SuiteRunner.runSequentially(SuiteRunner.java:450)at org.testng.SuiteRunner.privateRun(SuiteRunner.java:415)at org.testng.SuiteRunner.run(SuiteRunner.java:364)at org.testng.SuiteRunnerWorker.runSuite(SuiteRunnerWorker.java:52)at org.testng.SuiteRunnerWorker.run(SuiteRunnerWorker.java:84)at org.testng.TestNG.runSuitesSequentially(TestNG.java:1187)at org.testng.TestNG.runSuitesLocally(TestNG.java:1116)at org.testng.TestNG.runSuites(TestNG.java:1028)at org.testng.TestNG.run(TestNG.java:996)at org.testng.remote.AbstractRemoteTestNG.run(AbstractRemoteTestNG.java:114)at org.testng.remote.RemoteTestNG.initAndRun(RemoteTestNG.java:251)at org.testng.remote.RemoteTestNG.main(RemoteTestNG.java:77)]]>
            </full-stacktrace>
          </exception> <!-- org.openqa.selenium.TimeoutException -->
          <reporter-output>
          </reporter-output>
        </test-method> <!-- traveoffer -->
        <test-method is-config="true" signature="afterMethod()[pri:0, instance:cse434.selenium3.test.chromedriver.Test_NG@38e79ae3]" started-at="2019-08-28T12:45:03Z" name="afterMethod" finished-at="2019-08-28T12:45:03Z" duration-ms="0" status="SKIP">
          <reporter-output>
          </reporter-output>
        </test-method> <!-- afterMethod -->
        <test-method is-config="true" signature="beforeMethod()[pri:0, instance:cse434.selenium3.test.chromedriver.Test_NG@38e79ae3]" started-at="2019-08-28T12:45:03Z" name="beforeMethod" finished-at="2019-08-28T12:45:03Z" duration-ms="0" status="SKIP">
          <reporter-output>
          </reporter-output>
        </test-method> <!-- beforeMethod -->
        <test-method signature="travelBlog()[pri:12, instance:cse434.selenium3.test.chromedriver.Test_NG@38e79ae3]" started-at="2019-08-28T12:45:03Z" name="travelBlog" finished-at="2019-08-28T12:45:03Z" duration-ms="0" status="SKIP">
          <exception class="org.openqa.selenium.TimeoutException">
            <message>
              <![CDATA[timeout  (Session info: chrome=76.0.3809.100)Build info: version: '3.141.59', revision: 'e82be7d358', time: '2018-11-14T08:25:48'System info: host: 'Monirs-MacBook-Pro.local', ip: 'fe80:0:0:0:8a6:1eb0:d2f5:2446%en0', os.name: 'Mac OS X', os.arch: 'x86_64', os.version: '10.14.5', java.version: '9.0.1'Driver info: org.openqa.selenium.chrome.ChromeDriverCapabilities {acceptInsecureCerts: false, browserName: chrome, browserVersion: 76.0.3809.100, chrome: {chromedriverVersion: 75.0.3770.140 (2d9f97485c7b..., userDataDir: /var/folders/4m/k83f74rn32s...}, goog:chromeOptions: {debuggerAddress: localhost:58996}, javascriptEnabled: true, networkConnectionEnabled: false, pageLoadStrategy: normal, platform: MAC, platformName: MAC, proxy: Proxy(), setWindowRect: true, strictFileInteractability: false, timeouts: {implicit: 0, pageLoad: 300000, script: 30000}, unhandledPromptBehavior: dismiss and notify}Session ID: bf76e5bd90cbdd856b2b00b18cebd372]]>
            </message>
            <full-stacktrace>
              <![CDATA[org.openqa.selenium.TimeoutException: timeout  (Session info: chrome=76.0.3809.100)Build info: version: '3.141.59', revision: 'e82be7d358', time: '2018-11-14T08:25:48'System info: host: 'Monirs-MacBook-Pro.local', ip: 'fe80:0:0:0:8a6:1eb0:d2f5:2446%en0', os.name: 'Mac OS X', os.arch: 'x86_64', os.version: '10.14.5', java.version: '9.0.1'Driver info: org.openqa.selenium.chrome.ChromeDriverCapabilities {acceptInsecureCerts: false, browserName: chrome, browserVersion: 76.0.3809.100, chrome: {chromedriverVersion: 75.0.3770.140 (2d9f97485c7b..., userDataDir: /var/folders/4m/k83f74rn32s...}, goog:chromeOptions: {debuggerAddress: localhost:58996}, javascriptEnabled: true, networkConnectionEnabled: false, pageLoadStrategy: normal, platform: MAC, platformName: MAC, proxy: Proxy(), setWindowRect: true, strictFileInteractability: false, timeouts: {implicit: 0, pageLoad: 300000, script: 30000}, unhandledPromptBehavior: dismiss and notify}Session ID: bf76e5bd90cbdd856b2b00b18cebd372at java.base/jdk.internal.reflect.NativeConstructorAccessorImpl.newInstance0(Native Method)at java.base/jdk.internal.reflect.NativeConstructorAccessorImpl.newInstance(NativeConstructorAccessorImpl.java:62)at java.base/jdk.internal.reflect.DelegatingConstructorAccessorImpl.newInstance(DelegatingConstructorAccessorImpl.java:45)at java.base/java.lang.reflect.Constructor.newInstance(Constructor.java:488)at org.openqa.selenium.remote.http.W3CHttpResponseCodec.createException(W3CHttpResponseCodec.java:187)at org.openqa.selenium.remote.http.W3CHttpResponseCodec.decode(W3CHttpResponseCodec.java:122)at org.openqa.selenium.remote.http.W3CHttpResponseCodec.decode(W3CHttpResponseCodec.java:49)at org.openqa.selenium.remote.HttpCommandExecutor.execute(HttpCommandExecutor.java:158)at org.openqa.selenium.remote.service.DriverCommandExecutor.execute(DriverCommandExecutor.java:83)at org.openqa.selenium.remote.RemoteWebDriver.execute(RemoteWebDriver.java:552)at org.openqa.selenium.remote.RemoteWebDriver.get(RemoteWebDriver.java:277)at cse434.selenium3.test.chromedriver.Test_NG.loadDriver(Test_NG.java:35)at java.base/jdk.internal.reflect.NativeMethodAccessorImpl.invoke0(Native Method)at java.base/jdk.internal.reflect.NativeMethodAccessorImpl.invoke(NativeMethodAccessorImpl.java:62)at java.base/jdk.internal.reflect.DelegatingMethodAccessorImpl.invoke(DelegatingMethodAccessorImpl.java:43)at java.base/java.lang.reflect.Method.invoke(Method.java:564)at org.testng.internal.MethodInvocationHelper.invokeMethod(MethodInvocationHelper.java:124)at org.testng.internal.MethodInvocationHelper.invokeMethodConsideringTimeout(MethodInvocationHelper.java:59)at org.testng.internal.Invoker.invokeConfigurationMethod(Invoker.java:451)at org.testng.internal.Invoker.invokeConfigurations(Invoker.java:222)at org.testng.internal.Invoker.invokeConfigurations(Invoker.java:142)at org.testng.TestRunner.beforeRun(TestRunner.java:529)at org.testng.TestRunner.run(TestRunner.java:497)at org.testng.SuiteRunner.runTest(SuiteRunner.java:455)at org.testng.SuiteRunner.runSequentially(SuiteRunner.java:450)at org.testng.SuiteRunner.privateRun(SuiteRunner.java:415)at org.testng.SuiteRunner.run(SuiteRunner.java:364)at org.testng.SuiteRunnerWorker.runSuite(SuiteRunnerWorker.java:52)at org.testng.SuiteRunnerWorker.run(SuiteRunnerWorker.java:84)at org.testng.TestNG.runSuitesSequentially(TestNG.java:1187)at org.testng.TestNG.runSuitesLocally(TestNG.java:1116)at org.testng.TestNG.runSuites(TestNG.java:1028)at org.testng.TestNG.run(TestNG.java:996)at org.testng.remote.AbstractRemoteTestNG.run(AbstractRemoteTestNG.java:114)at org.testng.remote.RemoteTestNG.initAndRun(RemoteTestNG.java:251)at org.testng.remote.RemoteTestNG.main(RemoteTestNG.java:77)]]>
            </full-stacktrace>
          </exception> <!-- org.openqa.selenium.TimeoutException -->
          <reporter-output>
          </reporter-output>
        </test-method> <!-- travelBlog -->
        <test-method is-config="true" signature="afterMethod()[pri:0, instance:cse434.selenium3.test.chromedriver.Test_NG@38e79ae3]" started-at="2019-08-28T12:45:03Z" name="afterMethod" finished-at="2019-08-28T12:45:03Z" duration-ms="0" status="SKIP">
          <reporter-output>
          </reporter-output>
        </test-method> <!-- afterMethod -->
        <test-method is-config="true" signature="closeBrowser()[pri:0, instance:cse434.selenium3.test.chromedriver.Test_NG@38e79ae3]" started-at="2019-08-28T12:45:03Z" name="closeBrowser" finished-at="2019-08-28T12:45:03Z" duration-ms="0" status="SKIP">
          <reporter-output>
          </reporter-output>
        </test-method> <!-- closeBrowser -->
      </class> <!-- cse434.selenium3.test.chromedriver.Test_NG -->
    </test> <!-- Default test -->
  </suite> <!-- Default suite -->
</testng-results>
